[ 2017-05-25T15:17:04+08:00 ] 127.0.0.1 /index.php/sdfsdf
INFO: [ app_init ] --START--
INFO: Run Behavior\BuildLiteBehavior [ RunTime:0.000000s ]
INFO: [ app_init ] --END-- [ RunTime:0.003000s ]
ERR: 无法加载模块:Sdfsdf

[ 2017-05-25T15:17:40+08:00 ] 127.0.0.1 /index.php/sdfsdf
ERR: 无法加载模块:Sdfsdf

[ 2017-05-25T15:18:16+08:00 ] 127.0.0.1 /index.php/sdfsdf
INFO: [ app_init ] --START--
INFO: Run Behavior\BuildLiteBehavior [ RunTime:0.000000s ]
INFO: [ app_init ] --END-- [ RunTime:0.001000s ]
ERR: 无法加载模块:Sdfsdf

[ 2017-05-25T16:01:24+08:00 ] 127.0.0.1 /index.php/test/test1
INFO: [ app_init ] --START--
INFO: Run Behavior\BuildLiteBehavior [ RunTime:0.000000s ]
INFO: [ app_init ] --END-- [ RunTime:0.001000s ]
ERR: 无法加载模块:Test

[ 2017-05-25T16:01:39+08:00 ] 127.0.0.1 /index.php/index/test1
INFO: [ app_init ] --START--
INFO: Run Behavior\BuildLiteBehavior [ RunTime:0.000000s ]
INFO: [ app_init ] --END-- [ RunTime:0.001000s ]
ERR: 无法加载模块:Index

[ 2017-05-25T16:02:04+08:00 ] 127.0.0.1 /index.php/test/test1
INFO: [ app_init ] --START--
INFO: Run Behavior\BuildLiteBehavior [ RunTime:0.000000s ]
INFO: [ app_init ] --END-- [ RunTime:0.001000s ]
ERR: 无法加载模块:Test

[ 2017-05-25T16:02:06+08:00 ] 127.0.0.1 /index.php/test/test1
INFO: [ app_init ] --START--
INFO: Run Behavior\BuildLiteBehavior [ RunTime:0.001000s ]
INFO: [ app_init ] --END-- [ RunTime:0.001000s ]
ERR: 无法加载模块:Test

